1737566440361:hello
1737566450100:hello akhil
1737566469568:help
1737566524459:hello
1737566536708:hello akhil
1737571233692:hello api
1737575696802:hello India
1737576058003:hello England
1737576300101:hello India
1737577177801:hello England
1737577435993:hello South Africa
1737577538798:hello South
1737577791084:hello South Africa
1737577827971:hello South
1737577839356:hello Africa
1737577948177:hellow South Africa
1737577967478:hello South Africa
1737578290949:hello "South Africa"
1737578410286:hello South Africa
1737578468634:hello "South Africa"
1737578824260:hello New
1737654257629:hello india
1737654278378:stacktrace
1737654570063:hello india
1737654805983:hello India
1737655252458:stacktrace
1737655368955:hello India
1737661875359:series India
1737661893992:series South Africa
1737661975471:series "South Africa"
1737662159143:series South Africa
1737808347419:Ind
1737808368841:series -men Ind
1737809411597:In
1737809431798:series -men In
1737810342936:series -men Ind
1737811380630:series -men Ind Women
1737812065173:series -w Ind
1737812189610:series -w I
1737812246090:series -w i
1737812587448:series -m WI
1737813024128:series -m AFG
1737813145264:series -m ENG
1737813186409:series -m AFG
